2017-09-20 16:39:43,696 - TensorMol - INFO - Searching for Installed Optional Packages...
2017-09-20 16:39:43,876 - TensorMol - DEBUG - Pyscf has been found
2017-09-20 16:39:43,877 - TensorMol - DEBUG - MolEmb has been found, Orthogonalizing Radial Basis.
2017-09-20 16:39:43,970 - TensorMol - DEBUG - Tensorflow version 1.3.0 has been found
2017-09-20 16:39:43,970 - TensorMol - DEBUG - Found 32 CPUs to thread over... 
2017-09-20 16:39:43,970 - TensorMol - DEBUG - TensorMol ready...
2017-09-20 16:39:43,970 - TensorMol - DEBUG - TMPARAMS----------
2017-09-20 16:39:43,970 - TensorMol - DEBUG - InNormRoutine:None
NebNumBeads:10
MDdt:0.2
SH_MAXNR:12
EEOrder:2
RotAvOutputs:1
EESwitchFunc:CosLR
dig_ngrid:20
AN1_r_Rc:4.6
GradWeight:0.01
AN1_num_a_Rs:8
BlurRadius:0.05
tf_prec:tf.float32
MDFieldT0:3.0
AN1_r_Rs:[ 0.       0.14375  0.2875   0.43125  0.575    0.71875  0.8625   1.00625
  1.15     1.29375  1.4375   1.58125  1.725    1.86875  2.0125   2.15625
  2.3      2.44375  2.5875   2.73125  2.875    3.01875  3.1625   3.30625
  3.45     3.59375  3.7375   3.88125  4.025    4.16875  4.3125   4.45625]
momentum:0.9
learning_rate_dipole:0.0001
CellWidth:15.0
AN1_a_Rc:3.1
SH_NRAD:12
TransformSet:1
OptMomentumDecay:0.8
MDFieldTau:1.2
AN1_a_Rs:[ 0.      0.3875  0.775   1.1625  1.55    1.9375  2.325   2.7125]
learning_rate_energy:1e-05
RBFS:[[  0.24666382   0.37026093]
 [  0.42773663   0.47058503]
 [  0.5780647    0.47249905]
 [  0.63062578   0.60452219]
 [  1.30332807   1.2604625 ]
 [  2.2          2.4       ]
 [  4.4          2.4       ]
 [  6.6          2.4       ]
 [  8.8          2.4       ]
 [ 11.           2.4       ]
 [ 13.2          2.4       ]
 [ 15.4          2.4       ]]
AddEcc:True
RotateSet:0
MDIrForceMin:False
MDAnnealT0:20.0
EEVdw:True
MxMemPerElement:16000
dens_dir:./densities/
OptMaxBFGS:7
NModePts:10
Profiling:False
DSFAlpha:0.15
MxTimePerElement:36000
OptPrintLvl:1
DiisSize:20
Qchem_RIMP2_Block:$rem
   jobtype   sp
   method   rimp2
   MAX_SCF_CYCLES  200
   basis   cc-pvtz
   aux_basis rimp2-cc-pvtz
   symmetry   false
   INCFOCK 0
   thresh 12
   SCF_CONVERGENCE 12
$end

EECutoffOff:15.0
OptMaxStep:0.1
SRBF:[[  1.81906966e+01  -3.69177402e+01   2.68791669e+01  -4.04922928e+00
    5.46997770e-01  -7.15507988e-01   6.72174790e-01  -4.28899004e-01
    2.26745041e-01  -1.02137384e-01   3.66922198e-02  -8.15713944e-03]
 [ -3.69177402e+01   8.81214505e+01  -6.69233362e+01   9.18208065e+00
    3.79230428e-01  -1.01108684e+00   1.14262432e+00  -9.11839845e-01
    6.25605530e-01  -3.71652718e-01   1.74543716e-01  -4.93467194e-02]
 [  2.68791669e+01  -6.69233362e+01   6.02278630e+01  -1.43485162e+01
    8.07241994e-01  -8.33774442e-02  -3.83878968e-01   6.24680223e-01
   -5.84174516e-01   4.02934898e-01  -2.03026930e-01   5.92257835e-02]
 [ -4.04922928e+00   9.18208065e+00  -1.43485162e+01   9.62893922e+00
   -2.16580709e+00   1.00563808e+00  -3.68068038e-01  -1.30640248e-01
    2.70339307e-01  -2.18377632e-01   1.15095618e-01  -3.39114586e-02]
 [  5.46997770e-01   3.79230428e-01   8.07241994e-01  -2.16580709e+00
    4.40677735e+00  -4.97370683e+00   4.25901530e+00  -2.61658326e+00
    1.43385927e+00  -7.12639238e-01   2.92861594e-01  -7.52345766e-02]
 [ -7.15507988e-01  -1.01108684e+00  -8.33774442e-02   1.00563808e+00
   -4.97370683e+00   8.78405565e+00  -8.68061760e+00   6.00786857e+00
   -3.57750590e+00   1.87066552e+00  -7.91152233e-01   2.06460901e-01]
 [  6.72174790e-01   1.14262432e+00  -3.83878968e-01  -3.68068038e-01
    4.25901530e+00  -8.68061760e+00   1.06391480e+01  -8.29923039e+00
    5.29507051e+00  -2.87738767e+00   1.24192967e+00  -3.27471020e-01]
 [ -4.28899004e-01  -9.11839845e-01   6.24680223e-01  -1.30640248e-01
   -2.61658326e+00   6.00786857e+00  -8.29923039e+00   8.42764364e+00
   -6.17580884e+00   3.59893179e+00  -1.60962320e+00   4.32156925e-01]
 [  2.26745041e-01   6.25605530e-01  -5.84174516e-01   2.70339307e-01
    1.43385927e+00  -3.57750590e+00   5.29507051e+00  -6.17580884e+00
    6.23863859e+00  -4.25785159e+00   2.05511617e+00  -5.73079190e-01]
 [ -1.02137384e-01  -3.71652718e-01   4.02934898e-01  -2.18377632e-01
   -7.12639238e-01   1.87066552e+00  -2.87738767e+00   3.59893179e+00
   -4.25785159e+00   4.33749127e+00  -2.53352836e+00   7.76237474e-01]
 [  3.66922198e-02   1.74543716e-01  -2.03026930e-01   1.15095618e-01
    2.92861594e-01  -7.91152233e-01   1.24192967e+00  -1.60962320e+00
    2.05511617e+00  -2.53352836e+00   2.54585703e+00  -1.00659371e+00]
 [ -8.15713944e-03  -4.93467194e-02   5.92257835e-02  -3.39114586e-02
   -7.52345766e-02   2.06460901e-01  -3.27471020e-01   4.32156925e-01
   -5.73079190e-01   7.76237474e-01  -1.00659371e+00   9.79330932e-01]]
batch_size:1000
NebMaxBFGS:12
EEdr:1.0
AN1_a_As:[ 0.          0.78539816  1.57079633  2.35619449  3.14159265  3.92699082
  4.71238898  5.49778714]
MetaMaxBumps:2500
EECutoff:5.0
GSSearchAlpha:0.001
Poly_Width:4.6
MDAnnealTF:300.0
MBE_ORDER:3
NeuronType:relu
CheckLevel:1
OptThresh:0.0001
SH_LMAX:4
RemoveInvariant:True
SH_ORTH:1
NDistorts:5
OctahedralAveraging:0
MDThermostat:None
dig_SamplingType:Smooth
Classify:False
MAX_ATOMIC_NUMBER:10
NebK:0.01
results_dir:./results/
AN1_num_a_As:8
RandomizeData:True
MDUpdateCharges:True
MDV0:Random
DipoleScalar:1.0
sets_dir:./datasets/
OptMomentum:0.0
EECutoffOn:4.4
OptMaxCycles:20
MDAnnealKickBack:1.0
GauSHSm12:[[  1.81906966e+01  -2.68706936e-11  -1.61148908e-11 ...,   1.02790032e-14
   -2.04310789e-15  -1.58840522e-14]
 [  2.67014507e-11   1.81906966e+01   9.68707337e-10 ...,   5.34267129e-13
   -1.49855117e-13  -2.50732269e-13]
 [  1.58067317e-11  -1.24323751e-09   1.81906966e+01 ...,   6.66144223e-13
   -4.46375142e-13  -3.72495871e-13]
 ..., 
 [ -2.37736762e-15  -3.26571886e-13  -2.66242323e-13 ...,   9.79330932e-01
    8.42028137e-15  -1.57422539e-14]
 [  4.80559370e-16  -1.65016232e-12  -3.87420131e-14 ...,  -7.79614810e-15
    9.79330932e-01   6.55151122e-15]
 [  4.04176391e-15  -6.99563996e-13   1.04615969e-12 ...,  -4.07442795e-15
   -2.28856027e-14   9.79330932e-01]]
Embedded_Charge_Order:2
ANES:[ 0.96763427  1.          1.          1.          1.          2.14952757
  1.95145955  2.01797792]
hidden3:512
Erf_Width:0.2
max_steps:1001
AN1_eta:4.0
hidden2:512
hidden1:512
MDMaxStep:20000
MDLogTrajectory:True
GIT_REVISION:180c92d

max_checkpoints:1
ChopTo:None
GradScalar:1.0
MetaBowlK:0.0
EEOn:True
AN1_zeta:8.0
AN1_num_r_Rs:32
MDFieldVec:[ 1.  0.  0.]
TestRatio:0.2
OptStepSize:0.1
HiddenLayers:[200, 200, 200]
OutNormRoutine:None
MDFieldFreq:0.833333333333
learning_rate:0.001
log_dir:./logs/
GoK:0.05
test_freq:10
MDTemp:300.0
MDAnnealSteps:1000
MDFieldAmp:0.0

2017-09-20 16:39:43,974 - TensorMol - DEBUG - TMPARAMS~~~~~~~~~~
2017-09-20 16:39:44,071 - TensorMol - INFO - ~ Adios Homeshake ~
